0 info it worked if it ends with ok
1 verbose cli [ 'c:\\Program Files\\nodejs\\node.exe',
1 verbose cli   'c:\\Program Files\\nodejs\\node_modules\\npm\\bin\\npm-cli.js',
1 verbose cli   'install',
1 verbose cli   'superagent-prefix',
1 verbose cli   '--save-dev' ]
2 info using npm@1.3.11
3 info using node@v0.10.20
4 verbose readDependencies using package.json deps
5 verbose cache add [ 'superagent-prefix', null ]
6 verbose cache add name=undefined spec="superagent-prefix" args=["superagent-prefix",null]
7 verbose parsed url { protocol: null,
7 verbose parsed url   slashes: null,
7 verbose parsed url   auth: null,
7 verbose parsed url   host: null,
7 verbose parsed url   port: null,
7 verbose parsed url   hostname: null,
7 verbose parsed url   hash: null,
7 verbose parsed url   search: null,
7 verbose parsed url   query: null,
7 verbose parsed url   pathname: 'superagent-prefix',
7 verbose parsed url   path: 'superagent-prefix',
7 verbose parsed url   href: 'superagent-prefix' }
8 silly lockFile c98f6182-superagent-prefix superagent-prefix
9 verbose lock superagent-prefix C:\Users\Dragonaider\AppData\Roaming\npm-cache\c98f6182-superagent-prefix.lock
10 silly lockFile c98f6182-superagent-prefix superagent-prefix
11 silly lockFile c98f6182-superagent-prefix superagent-prefix
12 verbose addNamed [ 'superagent-prefix', '' ]
13 verbose addNamed [ null, '*' ]
14 silly lockFile 12130b45-superagent-prefix superagent-prefix@
15 verbose lock superagent-prefix@ C:\Users\Dragonaider\AppData\Roaming\npm-cache\12130b45-superagent-prefix.lock
16 silly addNameRange { name: 'superagent-prefix', range: '*', hasData: false }
17 verbose url raw superagent-prefix
18 verbose url resolving [ 'https://registry.npmjs.org/', './superagent-prefix' ]
19 verbose url resolved https://registry.npmjs.org/superagent-prefix
20 info trying registry request attempt 1 at 14:19:53
21 http GET https://registry.npmjs.org/superagent-prefix
22 http 404 https://registry.npmjs.org/superagent-prefix
23 silly registry.get cb [ 404,
23 silly registry.get   { date: 'Mon, 31 Mar 2014 08:49:57 GMT',
23 silly registry.get     server: 'CouchDB/1.5.0 (Erlang OTP/R14B04)',
23 silly registry.get     'content-type': 'application/json',
23 silly registry.get     via: '1.1 varnish',
23 silly registry.get     'cache-control': 'max-age=0',
23 silly registry.get     'content-length': '52',
23 silly registry.get     'accept-ranges': 'bytes',
23 silly registry.get     age: '0',
23 silly registry.get     'x-served-by': 'cache-v37-ASH, cache-sv95-SJC3',
23 silly registry.get     'x-cache': 'MISS, MISS',
23 silly registry.get     'x-cache-hits': '0, 0',
23 silly registry.get     'x-timer': 'S1396255797.126630545,VS0,VS37,VE123,VE161',
23 silly registry.get     'keep-alive': 'timeout=10, max=50',
23 silly registry.get     connection: 'Keep-Alive' } ]
24 silly lockFile 12130b45-superagent-prefix superagent-prefix@
25 silly lockFile 12130b45-superagent-prefix superagent-prefix@
26 error 404 'superagent-prefix' is not in the npm registry.
26 error 404 You should bug the author to publish it
26 error 404
26 error 404 Note that you can also install from a
26 error 404 tarball, folder, or http url, or git url.
27 error System Windows_NT 6.1.7600
28 error command "c:\\Program Files\\nodejs\\node.exe" "c:\\Program Files\\nodejs\\node_modules\\npm\\bin\\npm-cli.js" "install" "superagent-prefix" "--save-dev"
29 error cwd d:\Web Dev\Apyl\runnable\Docklet-Dashboard
30 error node -v v0.10.20
31 error npm -v 1.3.11
32 error code E404
33 verbose exit [ 1, true ]
